00:13:23.651 | Info | 'Call Authenticate API with an email : ' | Service: nayeem@gmail.com | 
00:13:23.693 | Info | 'Option : ' | Service: nayeem@gmail.com | 
00:13:26.428 | Error | 'Error :null' | Service: database | Method: Authenticate | 
00:13:26.429 | Info | 'Result : ' | Service: [object Object] | 
00:14:14.601 | Info | 'Call Authenticate API with an email : ' | Service: nayeem@gmail.com | 
00:14:14.605 | Info | 'Option : ' | Service: nayeem@gmail.com | 
00:14:14.631 | Error | 'Error :null' | Service: database | Method: Authenticate | 
00:14:14.632 | Info | 'Result : ' | Service: [object Object] | 
00:17:29.803 | Info | 'Call Authenticate API with an email : ' | Service: nayeem@gmail.com | 
00:17:29.805 | Info | 'Option : ' | Service: nayeem@gmail.com | 
00:17:29.821 | Error | 'Error :null' | Service: database | Method: Authenticate | 
00:17:29.822 | Info | 'Result : ' | Service: [object Object] | 
00:20:18.689 | Info | 'Call Authenticate API with an email : ' | Service: nayeem@gmail.com | 
00:20:18.692 | Info | 'Option : ' | Service: nayeem@gmail.com | 
00:20:18.706 | Error | 'Error :null' | Service: database | Method: Authenticate | 
00:20:18.706 | Info | 'Result : ' | Service: [object Object] | 
00:20:54.518 | Info | 'Call Authenticate API with an email : ' | Service: nayeem@gmail.com | 
00:20:54.518 | Info | 'Option : ' | Service: nayeem@gmail.com | 
00:20:54.521 | Error | 'Error :null' | Service: database | Method: Authenticate | 
00:20:54.522 | Info | 'Result : ' | Service: [object Object] | 
00:23:32.216 | Info | 'Call Authenticate API with an email : ' | Service: neevmansoori@gmail.com | 
00:23:32.220 | Info | 'Option : ' | Service: neevmansoori@gmail.com | 
00:23:32.232 | Error | 'Error :null' | Service: database | Method: Authenticate | 
00:23:32.233 | Info | 'Error : ' | Service: Email does not exits | 
00:27:22.513 | Info | 'Call Authenticate API with an email : ' | Service: neevmansoori@gmail.com | 
00:27:22.516 | Info | 'Option : ' | Service: neevmansoori@gmail.com | 
00:27:22.527 | Error | 'Error :null' | Service: database | Method: Authenticate | 
00:27:22.528 | Info | 'Error : ' | Service: Email does not exits | 
00:27:31.121 | Info | 'Call Authenticate API with an email : ' | Service: neevmansoori@gmail.com | 
00:27:31.121 | Info | 'Option : ' | Service: neevmansoori@gmail.com | 
00:27:31.124 | Error | 'Error :null' | Service: database | Method: Authenticate | 
00:27:31.124 | Info | 'Error : ' | Service: Email does not exits | 
00:27:50.644 | Info | 'Call Authenticate API with an email : ' | Service: scsdc | 
00:27:50.648 | Info | 'Option : ' | Service: scsdc | 
00:27:50.660 | Error | 'Error :null' | Service: database | Method: Authenticate | 
00:27:50.661 | Info | 'Error : ' | Service: Email does not exits | 
00:28:31.788 | Info | 'Call Authenticate API with an email : ' | Service: scsadc | 
00:28:31.790 | Info | 'Option : ' | Service: scsadc | 
00:28:31.800 | Error | 'Error :null' | Service: database | Method: Authenticate | 
00:28:31.801 | Info | 'Error : ' | Service: Email does not exits | 
00:28:32.771 | Info | 'Call Authenticate API with an email : ' | Service: scsadc | 
00:28:32.772 | Info | 'Option : ' | Service: scsadc | 
00:28:32.774 | Error | 'Error :null' | Service: database | Method: Authenticate | 
00:28:32.775 | Info | 'Error : ' | Service: Email does not exits | 
00:28:33.335 | Info | 'Call Authenticate API with an email : ' | Service: scsadc | 
00:28:33.335 | Info | 'Option : ' | Service: scsadc | 
00:28:33.337 | Error | 'Error :null' | Service: database | Method: Authenticate | 
00:28:33.337 | Info | 'Error : ' | Service: Email does not exits | 
00:28:33.857 | Info | 'Call Authenticate API with an email : ' | Service: scsadc | 
00:28:33.858 | Info | 'Option : ' | Service: scsadc | 
00:28:33.859 | Error | 'Error :null' | Service: database | Method: Authenticate | 
00:28:33.859 | Info | 'Error : ' | Service: Email does not exits | 
00:28:34.388 | Info | 'Call Authenticate API with an email : ' | Service: scsadc | 
00:28:34.389 | Info | 'Option : ' | Service: scsadc | 
00:28:34.390 | Error | 'Error :null' | Service: database | Method: Authenticate | 
00:28:34.391 | Info | 'Error : ' | Service: Email does not exits | 
00:28:34.611 | Info | 'Call Authenticate API with an email : ' | Service: scsadc | 
00:28:34.611 | Info | 'Option : ' | Service: scsadc | 
00:28:34.613 | Error | 'Error :null' | Service: database | Method: Authenticate | 
00:28:34.614 | Info | 'Error : ' | Service: Email does not exits | 
00:28:34.802 | Info | 'Call Authenticate API with an email : ' | Service: scsadc | 
00:28:34.802 | Info | 'Option : ' | Service: scsadc | 
00:28:34.804 | Error | 'Error :null' | Service: database | Method: Authenticate | 
00:28:34.804 | Info | 'Error : ' | Service: Email does not exits | 
00:28:35.257 | Info | 'Call Authenticate API with an email : ' | Service: scsadc | 
00:28:35.257 | Info | 'Option : ' | Service: scsadc | 
00:28:35.258 | Error | 'Error :null' | Service: database | Method: Authenticate | 
00:28:35.259 | Info | 'Error : ' | Service: Email does not exits | 
00:28:35.890 | Info | 'Call Authenticate API with an email : ' | Service: scsadc | 
00:28:35.890 | Info | 'Option : ' | Service: scsadc | 
00:28:35.892 | Error | 'Error :null' | Service: database | Method: Authenticate | 
00:28:35.893 | Info | 'Error : ' | Service: Email does not exits | 
00:28:36.425 | Info | 'Call Authenticate API with an email : ' | Service: scsadc | 
00:28:36.425 | Info | 'Option : ' | Service: scsadc | 
00:28:36.427 | Error | 'Error :null' | Service: database | Method: Authenticate | 
00:28:36.427 | Info | 'Error : ' | Service: Email does not exits | 
00:28:36.911 | Info | 'Call Authenticate API with an email : ' | Service: scsadc | 
00:28:36.911 | Info | 'Option : ' | Service: scsadc | 
00:28:36.913 | Error | 'Error :null' | Service: database | Method: Authenticate | 
00:28:36.913 | Info | 'Error : ' | Service: Email does not exits | 
00:28:37.485 | Info | 'Option : ' | Service: scsadc | 
00:28:37.485 | Info | 'Call Authenticate API with an email : ' | Service: scsadc | 
00:28:37.488 | Error | 'Error :null' | Service: database | Method: Authenticate | 
00:28:37.488 | Info | 'Error : ' | Service: Email does not exits | 
00:28:37.894 | Info | 'Call Authenticate API with an email : ' | Service: scsadc | 
00:28:37.894 | Info | 'Option : ' | Service: scsadc | 
00:28:37.897 | Error | 'Error :null' | Service: database | Method: Authenticate | 
00:28:37.897 | Info | 'Error : ' | Service: Email does not exits | 
00:28:38.441 | Info | 'Call Authenticate API with an email : ' | Service: scsadc | 
00:28:38.442 | Info | 'Option : ' | Service: scsadc | 
00:28:38.443 | Error | 'Error :null' | Service: database | Method: Authenticate | 
00:28:38.444 | Info | 'Error : ' | Service: Email does not exits | 
00:28:38.869 | Info | 'Call Authenticate API with an email : ' | Service: scsadc | 
00:28:38.869 | Info | 'Option : ' | Service: scsadc | 
00:28:38.871 | Error | 'Error :null' | Service: database | Method: Authenticate | 
00:28:38.871 | Info | 'Error : ' | Service: Email does not exits | 
00:28:39.470 | Info | 'Call Authenticate API with an email : ' | Service: scsadc | 
00:28:39.470 | Info | 'Option : ' | Service: scsadc | 
00:28:39.472 | Error | 'Error :null' | Service: database | Method: Authenticate | 
00:28:39.472 | Info | 'Error : ' | Service: Email does not exits | 
00:28:39.652 | Info | 'Call Authenticate API with an email : ' | Service: scsadc | 
00:28:39.652 | Info | 'Option : ' | Service: scsadc | 
00:28:39.654 | Error | 'Error :null' | Service: database | Method: Authenticate | 
00:28:39.654 | Info | 'Error : ' | Service: Email does not exits | 
00:28:39.818 | Info | 'Call Authenticate API with an email : ' | Service: scsadc | 
00:28:39.818 | Info | 'Option : ' | Service: scsadc | 
00:28:39.820 | Error | 'Error :null' | Service: database | Method: Authenticate | 
00:28:39.820 | Info | 'Error : ' | Service: Email does not exits | 
00:28:39.988 | Info | 'Call Authenticate API with an email : ' | Service: scsadc | 
00:28:39.989 | Info | 'Option : ' | Service: scsadc | 
00:28:39.991 | Error | 'Error :null' | Service: database | Method: Authenticate | 
00:28:39.991 | Info | 'Error : ' | Service: Email does not exits | 
00:28:40.153 | Info | 'Call Authenticate API with an email : ' | Service: scsadc | 
00:28:40.154 | Info | 'Option : ' | Service: scsadc | 
00:28:40.155 | Error | 'Error :null' | Service: database | Method: Authenticate | 
00:28:40.156 | Info | 'Error : ' | Service: Email does not exits | 
00:28:40.571 | Info | 'Call Authenticate API with an email : ' | Service: scsadc | 
00:28:40.571 | Info | 'Option : ' | Service: scsadc | 
00:28:40.573 | Error | 'Error :null' | Service: database | Method: Authenticate | 
00:28:40.574 | Info | 'Error : ' | Service: Email does not exits | 
00:28:41.473 | Info | 'Call Authenticate API with an email : ' | Service: scsadc | 
00:28:41.474 | Info | 'Option : ' | Service: scsadc | 
00:28:41.475 | Error | 'Error :null' | Service: database | Method: Authenticate | 
00:28:41.475 | Info | 'Error : ' | Service: Email does not exits | 
00:28:41.770 | Info | 'Call Authenticate API with an email : ' | Service: scsadc | 
00:28:41.770 | Info | 'Option : ' | Service: scsadc | 
00:28:41.772 | Error | 'Error :null' | Service: database | Method: Authenticate | 
00:28:41.772 | Info | 'Error : ' | Service: Email does not exits | 
00:28:48.765 | Info | 'Call Authenticate API with an email : ' | Service: nayeem@gmail.com | 
00:28:48.765 | Info | 'Option : ' | Service: nayeem@gmail.com | 
00:28:48.769 | Error | 'Error :null' | Service: database | Method: Authenticate | 
00:28:48.770 | Info | 'Result : ' | Service: [object Object] | 
00:28:49.227 | Info | 'Call Authenticate API with an email : ' | Service: nayeem@gmail.com | 
00:28:49.227 | Info | 'Option : ' | Service: nayeem@gmail.com | 
00:28:49.230 | Error | 'Error :null' | Service: database | Method: Authenticate | 
00:28:49.231 | Info | 'Result : ' | Service: [object Object] | 
00:28:49.473 | Info | 'Call Authenticate API with an email : ' | Service: nayeem@gmail.com | 
00:28:49.474 | Info | 'Option : ' | Service: nayeem@gmail.com | 
00:28:49.476 | Error | 'Error :null' | Service: database | Method: Authenticate | 
00:28:49.476 | Info | 'Result : ' | Service: [object Object] | 
00:28:55.374 | Info | 'Call Authenticate API with an email : ' | Service: nayeem@gmail.com | 
00:28:55.374 | Info | 'Option : ' | Service: nayeem@gmail.com | 
00:28:55.376 | Error | 'Error :null' | Service: database | Method: Authenticate | 
00:28:55.376 | Info | 'Result : ' | Service: [object Object] | 
00:58:58.170 | Info | 'Call Authenticate API with an email : ' | Service: neevmansoori@gmail.com | 
00:58:58.172 | Info | 'Option : ' | Service: neevmansoori@gmail.com | 
00:58:58.349 | Error | 'Error :null' | Service: database | Method: Authenticate | 
00:58:58.350 | Info | 'Error : ' | Service: Email does not exits | 
00:58:58.563 | Info | 'Call Authenticate API with an email : ' | Service: neevmansoori@gmail.com | 
00:58:58.564 | Info | 'Option : ' | Service: neevmansoori@gmail.com | 
00:58:58.566 | Error | 'Error :null' | Service: database | Method: Authenticate | 
00:58:58.567 | Info | 'Error : ' | Service: Email does not exits | 
00:58:58.951 | Info | 'Call Authenticate API with an email : ' | Service: neevmansoori@gmail.com | 
00:58:58.951 | Info | 'Option : ' | Service: neevmansoori@gmail.com | 
00:58:58.955 | Error | 'Error :null' | Service: database | Method: Authenticate | 
00:58:58.956 | Info | 'Error : ' | Service: Email does not exits | 
00:59:09.814 | Info | 'Call Authenticate API with an email : ' | Service: nayeem@gmail.com | 
00:59:09.814 | Info | 'Option : ' | Service: nayeem@gmail.com | 
00:59:09.818 | Error | 'Error :null' | Service: database | Method: Authenticate | 
00:59:09.819 | Info | 'Result : ' | Service: [object Object] | 
02:11:33.753 | Info | 'Call Authenticate API with an email : ' | Service: neevmansoori@gmail.com | 
02:11:33.756 | Info | 'Option : ' | Service: neevmansoori@gmail.com | 
02:11:33.785 | Error | 'Error :null' | Service: database | Method: Authenticate | 
02:11:33.786 | Info | 'Error : ' | Service: Email does not exits | 
02:12:30.783 | Info | 'Call Authenticate API with an email : ' | Service: nayeem@gmail.com | 
02:12:30.783 | Info | 'Option : ' | Service: nayeem@gmail.com | 
02:12:30.787 | Error | 'Error :null' | Service: database | Method: Authenticate | 
02:12:30.787 | Info | 'Result : ' | Service: [object Object] | 
02:12:57.958 | Info | 'Call Authenticate API with an email : ' | Service: nayeem@gmail.com | 
02:12:57.958 | Info | 'Option : ' | Service: nayeem@gmail.com | 
02:12:57.960 | Error | 'Error :null' | Service: database | Method: Authenticate | 
02:12:57.961 | Info | 'Result : ' | Service: [object Object] | 
03:19:28.174 | Info | 'Call Authenticate API with an email : ' | Service: nayeem@gmail.com | 
03:19:28.192 | Info | 'Option : ' | Service: nayeem@gmail.com | 
03:19:28.570 | Error | 'Error :null' | Service: database | Method: Authenticate | 
03:19:28.570 | Info | 'Result : ' | Service: [object Object] | 
03:19:58.684 | Info | 'Call Authenticate API with an email : ' | Service: nayeem@gmail.com | 
03:19:58.684 | Info | 'Option : ' | Service: nayeem@gmail.com | 
03:19:58.687 | Error | 'Error :null' | Service: database | Method: Authenticate | 
03:19:58.688 | Info | 'Result : ' | Service: [object Object] | 
03:20:20.364 | Info | 'Call Authenticate API with an email : ' | Service: nayeem@gmail.com | 
03:20:20.364 | Info | 'Option : ' | Service: nayeem@gmail.com | 
03:20:20.367 | Error | 'Error :null' | Service: database | Method: Authenticate | 
03:20:20.367 | Info | 'Result : ' | Service: [object Object] | 
03:22:40.696 | Info | 'Call Authenticate API with an email : ' | Service: nayeem@gmail.com | 
03:22:40.698 | Info | 'Option : ' | Service: nayeem@gmail.com | 
03:22:40.710 | Error | 'Error :null' | Service: database | Method: Authenticate | 
03:22:40.710 | Info | 'Result : ' | Service: [object Object] | 
05:41:38.300 | Info | 'Option : ' | Service: nayeem@gmail.com | 
05:41:38.298 | Info | 'Call Authenticate API with an email : ' | Service: nayeem@gmail.com | 
05:41:38.416 | Error | 'Error :null' | Service: database | Method: Authenticate | 
05:41:38.417 | Info | 'Result : ' | Service: [object Object] | 
05:47:36.169 | Info | 'Call Authenticate API with an email : ' | Service: nayeem@gmail.com | 
05:47:36.170 | Info | 'Option : ' | Service: nayeem@gmail.com | 
05:47:36.173 | Error | 'Error :null' | Service: database | Method: Authenticate | 
05:47:36.174 | Info | 'Result : ' | Service: [object Object] | 
